<?xml version="1.0" encoding="UTF-8"?>
<!-- Generated by org.testng.reporters.JUnitXMLReporter -->
<testsuite hostname="Bolt.local" name="Default test" tests="9" failures="0" timestamp="30 Oct 2017 12:18:34 GMT" time="0.318" errors="0">
  <testcase name="Computing" time="0.054" classname="com.github.fge.jsonpatch.diffcustom.TestJsonDiff"/>
  <testcase name="Computing" time="0.008" classname="com.github.fge.jsonpatch.diffcustom.TestJsonDiff"/>
  <testcase name="Computing" time="0.003" classname="com.github.fge.jsonpatch.diffcustom.TestJsonDiff"/>
  <testcase name="Computing" time="0.003" classname="com.github.fge.jsonpatch.diffcustom.TestJsonDiff"/>
  <testcase name="Computing" time="0.004" classname="com.github.fge.jsonpatch.diffcustom.TestJsonDiff"/>
  <testcase name="Computing" time="0.006" classname="com.github.fge.jsonpatch.diffcustom.TestJsonDiff"/>
  <testcase name="Computing" time="0.004" classname="com.github.fge.jsonpatch.diffcustom.TestJsonDiff"/>
  <testcase name="testBugFixWhileOldStateArrayAndNewStateNull" time="0.006" classname="com.github.fge.jsonpatch.diffcustom.TestJsonDiff"/>
  <testcase name="testBugFixWhileOldStateNullAndNewStateArray" time="0.004" classname="com.github.fge.jsonpatch.diffcustom.TestJsonDiff"/>
</testsuite> <!-- Default test -->
