<?xml version="1.0" encoding="UTF-8"?>
<testng-results skipped="0" failed="0" total="1" passed="1">
  <reporter-output>
  </reporter-output>
  <suite name="Default suite" duration-ms="157" started-at="2017-10-31T12:22:43Z" finished-at="2017-10-31T12:22:43Z">
    <groups>
    </groups>
    <test name="Default test" duration-ms="157" started-at="2017-10-31T12:22:43Z" finished-at="2017-10-31T12:22:43Z">
      <class name="com.github.fge.jsonpatch.patchcustom.TestAddOperations">
        <test-method status="PASS" signature="testAddNonExistingPathOperation()[pri:0, instance:com.github.fge.jsonpatch.patchcustom.TestAddOperations@24b1d79b]" name="testAddNonExistingPathOperation" duration-ms="146" started-at="2017-10-31T17:52:43Z" finished-at="2017-10-31T17:52:43Z">
          <reporter-output>
          </reporter-output>
        </test-method> <!-- testAddNonExistingPathOperation -->
      </class> <!-- com.github.fge.jsonpatch.patchcustom.TestAddOperations -->
    </test> <!-- Default test -->
  </suite> <!-- Default suite -->
</testng-results>
